2025-11-19 13:44:32,104 - __main__ - INFO - ✓ Connected to Neo4j at bolt://localhost:7687
2025-11-19 13:44:32,104 - __main__ - INFO - ============================================================
2025-11-19 13:44:32,104 - __main__ - INFO - HCG Data Loader - Loading Ontology and Seed Data
2025-11-19 13:44:32,104 - __main__ - INFO - ============================================================
2025-11-19 13:44:32,104 - __main__ - INFO - Loading core ontology from core_ontology.cypher...
2025-11-19 13:44:32,139 - __main__ - INFO -   ✓ Added 1 constraint(s)
2025-11-19 13:44:32,190 - __main__ - INFO -   ✓ Added 1 constraint(s)
2025-11-19 13:44:32,200 - __main__ - INFO -   ✓ Added 1 index(es)
2025-11-19 13:44:32,310 - __main__ - INFO -   ✓ Created 1 node(s)
2025-11-19 13:44:32,381 - __main__ - INFO -   ✓ Created 1 node(s)
2025-11-19 13:44:32,447 - __main__ - INFO -   ✓ Created 1 node(s)
2025-11-19 13:44:32,547 - __main__ - INFO -   ✓ Created 1 node(s)
2025-11-19 13:44:32,655 - __main__ - INFO - ✓ Loaded core ontology
2025-11-19 13:44:32,656 - __main__ - INFO - 
2025-11-19 13:44:32,656 - __main__ - INFO - Verifying constraints...
2025-11-19 13:44:32,676 - __main__ - INFO -   ✓ logos_entity_uuid: found
2025-11-19 13:44:32,676 - __main__ - INFO -   ✓ logos_concept_uuid: found
2025-11-19 13:44:32,676 - __main__ - INFO -   ✓ logos_state_uuid: found
2025-11-19 13:44:32,676 - __main__ - INFO -   ✓ logos_process_uuid: found
2025-11-19 13:44:32,676 - __main__ - INFO -   ✓ logos_concept_name: found
2025-11-19 13:44:32,676 - __main__ - INFO - Verifying indexes...
2025-11-19 13:44:32,702 - __main__ - INFO -   ✓ logos_entity_name: found
2025-11-19 13:44:32,702 - __main__ - INFO -   ✓ logos_state_timestamp: found
2025-11-19 13:44:32,702 - __main__ - INFO -   ✓ logos_process_timestamp: found
2025-11-19 13:44:32,702 - __main__ - INFO - Verifying concepts...
2025-11-19 13:44:32,714 - __main__ - INFO -   ✓ Found 16 concept(s)
2025-11-19 13:44:32,714 - __main__ - INFO - 
2025-11-19 13:44:32,714 - __main__ - INFO - Creating seed entities...
2025-11-19 13:44:32,835 - __main__ - INFO - ✓ Seed entities created
2025-11-19 13:44:32,835 - __main__ - INFO - 
2025-11-19 13:44:32,835 - __main__ - INFO - Loading pick-and-place test data from test_data_pick_and_place.cypher...
2025-11-19 13:44:32,899 - __main__ - INFO -   ✓ Created 1 node(s)
2025-11-19 13:44:32,928 - __main__ - INFO -   ✓ Created 1 node(s)
2025-11-19 13:44:33,023 - __main__ - INFO -   ✓ Created 1 node(s)
2025-11-19 13:44:33,050 - __main__ - INFO -   ✓ Created 1 node(s)
2025-11-19 13:44:33,086 - __main__ - INFO -   ✓ Created 1 node(s)
2025-11-19 13:44:33,222 - __main__ - INFO -   ✓ Created 1 relationship(s)
2025-11-19 13:44:33,299 - __main__ - INFO -   ✓ Created 3 relationship(s)
2025-11-19 13:44:33,332 - __main__ - INFO -   ✓ Created 1 relationship(s)
2025-11-19 13:44:33,363 - __main__ - INFO -   ✓ Created 1 relationship(s)
2025-11-19 13:44:33,436 - __main__ - INFO -   ✓ Created 3 relationship(s)
2025-11-19 13:44:33,469 - __main__ - INFO -   ✓ Created 1 relationship(s)
2025-11-19 13:44:33,504 - __main__ - INFO -   ✓ Created 1 relationship(s)
2025-11-19 13:44:33,615 - __main__ - INFO -   ✓ Created 1 relationship(s)
2025-11-19 13:44:33,646 - __main__ - INFO -   ✓ Created 1 node(s)
2025-11-19 13:44:33,678 - __main__ - INFO -   ✓ Created 1 relationship(s)
2025-11-19 13:44:33,709 - __main__ - INFO -   ✓ Created 1 node(s)
2025-11-19 13:44:33,747 - __main__ - INFO -   ✓ Created 1 relationship(s)
2025-11-19 13:44:33,778 - __main__ - INFO -   ✓ Created 1 relationship(s)
2025-11-19 13:44:33,808 - __main__ - INFO -   ✓ Created 1 node(s)
2025-11-19 13:44:33,842 - __main__ - INFO -   ✓ Created 1 relationship(s)
2025-11-19 13:44:33,884 - __main__ - INFO -   ✓ Created 1 relationship(s)
2025-11-19 13:44:33,909 - __main__ - INFO -   ✓ Created 1 node(s)
2025-11-19 13:44:33,937 - __main__ - INFO -   ✓ Created 1 relationship(s)
2025-11-19 13:44:33,966 - __main__ - INFO -   ✓ Created 1 node(s)
2025-11-19 13:44:33,995 - __main__ - INFO -   ✓ Created 1 relationship(s)
2025-11-19 13:44:34,020 - __main__ - INFO -   ✓ Created 1 node(s)
2025-11-19 13:44:34,051 - __main__ - INFO -   ✓ Created 1 relationship(s)
2025-11-19 13:44:34,075 - __main__ - INFO -   ✓ Created 1 node(s)
2025-11-19 13:44:34,105 - __main__ - INFO -   ✓ Created 1 relationship(s)
2025-11-19 13:44:34,136 - __main__ - INFO -   ✓ Created 1 relationship(s)
2025-11-19 13:44:34,161 - __main__ - INFO -   ✓ Created 1 node(s)
2025-11-19 13:44:34,199 - __main__ - INFO -   ✓ Created 1 relationship(s)
2025-11-19 13:44:34,229 - __main__ - INFO -   ✓ Created 1 relationship(s)
2025-11-19 13:44:34,249 - __main__ - INFO -   ✓ Created 1 node(s)
2025-11-19 13:44:34,278 - __main__ - INFO -   ✓ Created 1 relationship(s)
2025-11-19 13:44:34,306 - __main__ - INFO -   ✓ Created 1 relationship(s)
2025-11-19 13:44:34,335 - __main__ - INFO -   ✓ Created 1 relationship(s)
2025-11-19 13:44:34,357 - __main__ - INFO -   ✓ Created 1 node(s)
2025-11-19 13:44:34,415 - __main__ - INFO -   ✓ Created 1 relationship(s)
2025-11-19 13:44:34,444 - __main__ - INFO -   ✓ Created 1 relationship(s)
2025-11-19 13:44:34,472 - __main__ - INFO -   ✓ Created 1 relationship(s)
2025-11-19 13:44:34,499 - __main__ - INFO -   ✓ Created 1 relationship(s)
2025-11-19 13:44:34,528 - __main__ - INFO -   ✓ Created 1 relationship(s)
2025-11-19 13:44:34,549 - __main__ - INFO -   ✓ Created 1 node(s)
2025-11-19 13:44:34,580 - __main__ - INFO -   ✓ Created 1 relationship(s)
2025-11-19 13:44:34,612 - __main__ - INFO -   ✓ Created 1 relationship(s)
2025-11-19 13:44:34,637 - __main__ - INFO -   ✓ Created 1 node(s)
2025-11-19 13:44:34,666 - __main__ - INFO -   ✓ Created 1 relationship(s)
2025-11-19 13:44:34,699 - __main__ - INFO -   ✓ Created 1 relationship(s)
2025-11-19 13:44:34,724 - __main__ - INFO -   ✓ Created 1 node(s)
2025-11-19 13:44:34,756 - __main__ - INFO -   ✓ Created 1 relationship(s)
2025-11-19 13:44:34,787 - __main__ - INFO -   ✓ Created 1 relationship(s)
2025-11-19 13:44:34,818 - __main__ - INFO -   ✓ Created 1 relationship(s)
2025-11-19 13:44:34,842 - __main__ - INFO -   ✓ Created 1 node(s)
2025-11-19 13:44:34,891 - __main__ - INFO -   ✓ Created 1 relationship(s)
2025-11-19 13:44:34,933 - __main__ - INFO -   ✓ Created 1 relationship(s)
2025-11-19 13:44:34,968 - __main__ - INFO -   ✓ Created 1 relationship(s)
2025-11-19 13:44:35,068 - __main__ - INFO -   ✓ Created 1 relationship(s)
2025-11-19 13:44:35,075 - __main__ - INFO - ✓ Loaded pick-and-place test data
2025-11-19 13:44:35,075 - __main__ - INFO - 
2025-11-19 13:44:35,075 - __main__ - INFO - Verifying seed entities...
2025-11-19 13:44:35,082 - __main__ - INFO -   ✓ Found 10 entity(ies)
2025-11-19 13:44:35,082 - __main__ - INFO - 
2025-11-19 13:44:35,082 - __main__ - INFO - ============================================================
2025-11-19 13:44:35,082 - __main__ - INFO - ✓ HCG Loading Complete
2025-11-19 13:44:35,082 - __main__ - INFO - ============================================================
2025-11-19 13:44:35,082 - __main__ - INFO -   Concepts: 16
2025-11-19 13:44:35,082 - __main__ - INFO -   Entities: 10
2025-11-19 13:44:35,082 - __main__ - INFO - 
2025-11-19 13:44:35,083 - __main__ - INFO - Access Neo4j Browser at: http://localhost:7474
2025-11-19 13:44:35,083 - __main__ - INFO -   Username: neo4j
2025-11-19 13:44:35,083 - __main__ - INFO -   Password: *****
2025-11-19 13:44:35,083 - __main__ - INFO - 
2025-11-19 13:44:35,083 - __main__ - INFO - Try running queries like:
2025-11-19 13:44:35,083 - __main__ - INFO -   MATCH (e:Entity)-[:IS_A]->(c:Concept) RETURN e.name, c.name;
2025-11-19 13:44:35,083 - __main__ - INFO -   MATCH (e:Entity)-[:HAS_STATE]->(s:State) RETURN e.name, s.name;
2025-11-19 13:44:35,083 - __main__ - INFO - 
2025-11-19 13:44:35,083 - __main__ - INFO - ✓ Closed Neo4j connection
